
--- 2025-08-19T16:00:26.623Z debug
🪵  Writing logs to "/home/runner/workspace/.config/.wrangler/logs/wrangler-2025-08-19_16-00-26_466.log"
---

--- 2025-08-19T16:00:26.623Z debug
Metrics dispatcher: Posting data {"deviceId":"1ce2c1bd-d1bc-43f8-94b5-d6de50ca8c7c","event":"wrangler command started","timestamp":1755619226623,"properties":{"amplitude_session_id":1755619226621,"amplitude_event_id":0,"wranglerVersion":"4.31.0","osPlatform":"Linux","osVersion":"#1-NixOS SMP PREEMPT_DYNAMIC Tue Jan  1 00:00:00 UTC 1980","nodeVersion":20,"packageManager":"npm","isFirstUsage":false,"configFileType":"toml","isCI":false,"isPagesCI":false,"isWorkersCI":false,"isInteractive":true,"hasAssets":false,"argsUsed":[],"argsCombination":"","command":"wrangler deploy","args":{"xJsonConfig":true,"j":true,"noBundle":false,"latest":false,"keepVars":false,"xAutoCreate":true}}}
---

--- 2025-08-19T16:00:26.635Z debug
Failed to load .env file "/home/runner/workspace/.env": Error: ENOENT: no such file or directory, open '/home/runner/workspace/.env'
    at Object.readFileSync (node:fs:449:20)
    at Object.configDotenv (/home/runner/.npm/_npx/32026684e21afda6/node_modules/wrangler/wrangler-dist/cli.js:83700:48)
    at Object.config (/home/runner/.npm/_npx/32026684e21afda6/node_modules/wrangler/wrangler-dist/cli.js:83718:29)
    at loadDotEnv (/home/runner/.npm/_npx/32026684e21afda6/node_modules/wrangler/wrangler-dist/cli.js:83887:61)
    at /home/runner/.npm/_npx/32026684e21afda6/node_modules/wrangler/wrangler-dist/cli.js:156525:19
    at /home/runner/.npm/_npx/32026684e21afda6/node_modules/wrangler/wrangler-dist/cli.js:78909:20
    at maybeAsyncResult (/home/runner/.npm/_npx/32026684e21afda6/node_modules/wrangler/wrangler-dist/cli.js:77082:44)
    at /home/runner/.npm/_npx/32026684e21afda6/node_modules/wrangler/wrangler-dist/cli.js:78908:18
    at /home/runner/.npm/_npx/32026684e21afda6/node_modules/wrangler/wrangler-dist/cli.js:77004:22
    at Array.reduce (<anonymous>) {
  errno: -2,
  code: 'ENOENT',
  syscall: 'open',
  path: '/home/runner/workspace/.env'
}
---

--- 2025-08-19T16:00:26.635Z debug
Failed to load .env file "/home/runner/workspace/.env.local": Error: ENOENT: no such file or directory, open '/home/runner/workspace/.env.local'
    at Object.readFileSync (node:fs:449:20)
    at Object.configDotenv (/home/runner/.npm/_npx/32026684e21afda6/node_modules/wrangler/wrangler-dist/cli.js:83700:48)
    at Object.config (/home/runner/.npm/_npx/32026684e21afda6/node_modules/wrangler/wrangler-dist/cli.js:83718:29)
    at loadDotEnv (/home/runner/.npm/_npx/32026684e21afda6/node_modules/wrangler/wrangler-dist/cli.js:83887:61)
    at /home/runner/.npm/_npx/32026684e21afda6/node_modules/wrangler/wrangler-dist/cli.js:156525:19
    at /home/runner/.npm/_npx/32026684e21afda6/node_modules/wrangler/wrangler-dist/cli.js:78909:20
    at maybeAsyncResult (/home/runner/.npm/_npx/32026684e21afda6/node_modules/wrangler/wrangler-dist/cli.js:77082:44)
    at /home/runner/.npm/_npx/32026684e21afda6/node_modules/wrangler/wrangler-dist/cli.js:78908:18
    at /home/runner/.npm/_npx/32026684e21afda6/node_modules/wrangler/wrangler-dist/cli.js:77004:22
    at Array.reduce (<anonymous>) {
  errno: -2,
  code: 'ENOENT',
  syscall: 'open',
  path: '/home/runner/workspace/.env.local'
}
---

--- 2025-08-19T16:00:26.660Z log

 ⛅️ wrangler 4.31.0
───────────────────
---

--- 2025-08-19T16:00:26.667Z log

---

--- 2025-08-19T16:00:26.708Z error
✘ [ERROR] Processing wrangler.toml configuration:

    - Removed: "node_compat":
      The "node_compat" field is no longer supported as of Wrangler v4. Instead, use the
  `nodejs_compat` compatibility flag. This includes the functionality from legacy `node_compat`
  polyfills and natively implemented Node.js APIs. See
  https://developers.cloudflare.com/workers/runtime-apis/nodejs for more information.


---

--- 2025-08-19T16:00:26.708Z debug
Error: Processing wrangler.toml configuration:
  - Removed: "node_compat":
    The "node_compat" field is no longer supported as of Wrangler v4. Instead, use the `nodejs_compat` compatibility flag. This includes the functionality from legacy `node_compat` polyfills and natively implemented Node.js APIs. See https://developers.cloudflare.com/workers/runtime-apis/nodejs for more information.
    at readConfig (/home/runner/.npm/_npx/32026684e21afda6/node_modules/wrangler/wrangler-dist/cli.js:40155:11)
    at /home/runner/.npm/_npx/32026684e21afda6/node_modules/wrangler/wrangler-dist/cli.js:84047:63
    at AsyncLocalStorage.run (node:async_hooks:346:14)
    at run (/home/runner/.npm/_npx/32026684e21afda6/node_modules/wrangler/wrangler-dist/cli.js:34295:61)
    at Object.handler (/home/runner/.npm/_npx/32026684e21afda6/node_modules/wrangler/wrangler-dist/cli.js:84046:13)
---

--- 2025-08-19T16:00:26.709Z debug
Metrics dispatcher: Posting data {"deviceId":"1ce2c1bd-d1bc-43f8-94b5-d6de50ca8c7c","event":"wrangler command errored","timestamp":1755619226709,"properties":{"amplitude_session_id":1755619226621,"amplitude_event_id":1,"wranglerVersion":"4.31.0","osPlatform":"Linux","osVersion":"#1-NixOS SMP PREEMPT_DYNAMIC Tue Jan  1 00:00:00 UTC 1980","nodeVersion":20,"packageManager":"npm","isFirstUsage":false,"configFileType":"toml","isCI":false,"isPagesCI":false,"isWorkersCI":false,"isInteractive":true,"hasAssets":false,"argsUsed":[],"argsCombination":"","command":"wrangler deploy","args":{"xJsonConfig":true,"j":true,"noBundle":false,"latest":false,"keepVars":false,"xAutoCreate":true},"durationMs":110,"durationSeconds":0.11,"durationMinutes":0.0018333333333333333,"errorType":"UserError"}}
---
